timestamp: 2015-11-05T20:16:28.133000
CREATE TABLE auth_user(
    id INTEGER PRIMARY KEY AUTOINCREMENT,
    first_name CHAR(128),
    last_name CHAR(128),
    email CHAR(512),
    password CHAR(512),
    registration_key CHAR(512),
    reset_password_key CHAR(512),
    registration_id CHAR(512)
);
success!
timestamp: 2015-11-05T20:16:28.159000
CREATE TABLE auth_group(
    id INTEGER PRIMARY KEY AUTOINCREMENT,
    role CHAR(512),
    description TEXT
);
success!
timestamp: 2015-11-05T20:16:28.185000
CREATE TABLE auth_membership(
    id INTEGER PRIMARY KEY AUTOINCREMENT,
    user_id INTEGER REFERENCES auth_user (id) ON DELETE CASCADE  ,
    group_id INTEGER REFERENCES auth_group (id) ON DELETE CASCADE  
);
success!
timestamp: 2015-11-05T20:16:28.196000
CREATE TABLE auth_permission(
    id INTEGER PRIMARY KEY AUTOINCREMENT,
    group_id INTEGER REFERENCES auth_group (id) ON DELETE CASCADE  ,
    name CHAR(512),
    table_name CHAR(512),
    record_id INTEGER
);
success!
timestamp: 2015-11-05T20:16:28.206000
CREATE TABLE auth_event(
    id INTEGER PRIMARY KEY AUTOINCREMENT,
    time_stamp TIMESTAMP,
    client_ip CHAR(512),
    user_id INTEGER REFERENCES auth_user (id) ON DELETE CASCADE  ,
    origin CHAR(512),
    description TEXT
);
success!
timestamp: 2015-11-05T20:16:28.218000
CREATE TABLE auth_cas(
    id INTEGER PRIMARY KEY AUTOINCREMENT,
    user_id INTEGER REFERENCES auth_user (id) ON DELETE CASCADE  ,
    created_on TIMESTAMP,
    service CHAR(512),
    ticket CHAR(512),
    renew CHAR(1)
);
success!
timestamp: 2015-11-05T20:17:10.620000
CREATE TABLE gigs(
    id INTEGER PRIMARY KEY AUTOINCREMENT,
    gig_date DATE,
    gig_location CHAR(512),
    gig_time CHAR(512),
    gig_details CHAR(512)
);
success!
timestamp: 2015-11-05T20:17:10.647000
CREATE TABLE songs(
    id INTEGER PRIMARY KEY AUTOINCREMENT,
    title CHAR(512),
    file_name CHAR(512),
    members CHAR(512),
    song_details CHAR(512)
);
success!
timestamp: 2015-11-09T18:18:26.507000
ALTER TABLE songs ADD composer CHAR(512);
success!
timestamp: 2016-05-09T22:54:07.575000
ALTER TABLE songs ADD order_id CHAR(512);
success!
